Using pre-set license
Built from '2020.3/release' branch; Version is '2020.3.1f1 (77a89f25062f) revision 7841951'; Using compiler version '192528614'; Build Type 'Release'
OS: 'Windows 10 Pro; OS build 19041.928; Version 2004; 64bit' Language: 'sv' Physical Memory: 32716 MB
BatchMode: 1, IsHumanControllingUs: 0, StartBugReporterOnCrash: 0, Is64bit: 1, IsPro: 0

 COMMAND LINE ARGUMENTS:
C:\Program Files\Unity\Hub\Editor\2020.3.1f1\Editor\Unity.exe
-adb2
-batchMode
-noUpm
-name
AssetImportWorker0
-projectPath
C:/Git/InriktningsProjekt/WaterSim2
-logFile
Logs/AssetImportWorker0.log
-srvPort
49489
Successfully changed project path to: C:/Git/InriktningsProjekt/WaterSim2
C:/Git/InriktningsProjekt/WaterSim2
Using Asset Import Pipeline V2.
Refreshing native plugins compatible for Editor in 31.97 ms, found 0 plugins.
Preloading 0 native plugins for Editor in 0.00 ms.
Initialize engine version: 2020.3.1f1 (77a89f25062f)
[Subsystems] Discovering subsystems at path C:/Program Files/Unity/Hub/Editor/2020.3.1f1/Editor/Data/Resources/UnitySubsystems
[Subsystems] Discovering subsystems at path C:/Git/InriktningsProjekt/WaterSim2/Assets
GfxDevice: creating device client; threaded=0
Direct3D:
    Version:  Direct3D 11.0 [level 11.1]
    Renderer: NVIDIA GeForce RTX 2070 (ID=0x1f02)
    Vendor:   
    VRAM:     8031 MB
    Driver:   27.21.14.5671
Initialize mono
Mono path[0] = 'C:/Program Files/Unity/Hub/Editor/2020.3.1f1/Editor/Data/Managed'
Mono path[1] = 'C:/Program Files/Unity/Hub/Editor/2020.3.1f1/Editor/Data/MonoBleedingEdge/lib/mono/unityjit'
Mono config path = 'C:/Program Files/Unity/Hub/Editor/2020.3.1f1/Editor/Data/MonoBleedingEdge/etc'
Using monoOptions --debugger-agent=transport=dt_socket,embedding=1,server=y,suspend=n,address=127.0.0.1:56272
Begin MonoManager ReloadAssembly
Registering precompiled unity dll's ...
Register platform support module: C:/Program Files/Unity/Hub/Editor/2020.3.1f1/Editor/Data/PlaybackEngines/WindowsStandaloneSupport/UnityEditor.WindowsStandalone.Extensions.dll
Registered in 0.001681 seconds.
Native extension for WindowsStandalone target not found
Refreshing native plugins compatible for Editor in 33.60 ms, found 0 plugins.
Preloading 0 native plugins for Editor in 0.00 ms.
Invoked RoslynAnalysisRunner static constructor.
RoslynAnalysisRunner will not be running.
RoslynAnalysisRunner has terminated.
Mono: successfully reloaded assembly
- Completed reload, in  0.851 seconds
Platform modules already initialized, skipping
Registering precompiled user dll's ...
Registered in 0.000938 seconds.
Begin MonoManager ReloadAssembly
Native extension for WindowsStandalone target not found
Refreshing native plugins compatible for Editor in 34.87 ms, found 0 plugins.
Preloading 0 native plugins for Editor in 0.00 ms.
Invoked RoslynAnalysisRunner static constructor.
RoslynAnalysisRunner will not be running.
RoslynAnalysisRunner has terminated.
Mono: successfully reloaded assembly
- Completed reload, in  0.804 seconds
Platform modules already initialized, skipping
========================================================================
Worker process is ready to serve import requests
Launched and connected shader compiler UnityShaderCompiler.exe after 0.04 seconds
Refreshing native plugins compatible for Editor in 0.45 ms, found 0 plugins.
Preloading 0 native plugins for Editor in 0.00 ms.
Unloading 2245 Unused Serialized files (Serialized files now loaded: 0)
System memory in use before: 95.9 MB.
System memory in use after: 96.0 MB.

Unloading 12 unused Assets to reduce memory usage. Loaded Objects now: 2694.
Total: 2.129000 ms (FindLiveObjects: 0.282700 ms CreateObjectMapping: 0.053400 ms MarkObjects: 1.717900 ms  DeleteObjects: 0.074100 ms)

========================================================================
Received Import Request.
  path: Assets/WaterSim/Scripts/Ocean/ProceduralGrid.cs
  artifactKey: Guid(f2a3f377202d8b8428f82619994953bd) Importer(815301076,1909f56bfc062723c751e8b465ee728b)
Start importing Assets/WaterSim/Scripts/Ocean/ProceduralGrid.cs using Guid(f2a3f377202d8b8428f82619994953bd) Importer(815301076,1909f56bfc062723c751e8b465ee728b)  -> (artifact id: 'ddc7e8ada70d4b036668edf0faab6ee9') in 0.024615 seconds
  Import took 0.027967 seconds .

========================================================================
Received Import Request.
  Time since last request: 3195.628569 seconds.
  path: Assets/WaterSim/Scripts/Shaders
  artifactKey: Guid(fed9e0ceb72f5dd45b84f63b427be036) Importer(815301076,1909f56bfc062723c751e8b465ee728b)
Start importing Assets/WaterSim/Scripts/Shaders using Guid(fed9e0ceb72f5dd45b84f63b427be036) Importer(815301076,1909f56bfc062723c751e8b465ee728b)  -> (artifact id: '3f199bbc73222949b2449fafd50f4679') in 0.007906 seconds
  Import took 0.012155 seconds .

========================================================================
Received Import Request.
  Time since last request: 1.600911 seconds.
  path: Assets/WaterSim/Scripts/Shaders/OceanMat.mat
  artifactKey: Guid(ad0c64cb9a5a17c418e4c98be9d12695) Importer(815301076,1909f56bfc062723c751e8b465ee728b)
Start importing Assets/WaterSim/Scripts/Shaders/OceanMat.mat using Guid(ad0c64cb9a5a17c418e4c98be9d12695) Importer(815301076,1909f56bfc062723c751e8b465ee728b)  -> (artifact id: 'e90bd98282447a9c7f473e094df4c8df') in 0.103697 seconds
  Import took 0.107261 seconds .

========================================================================
Received Import Request.
  Time since last request: 0.000189 seconds.
  path: Assets/WaterSim/Scripts/Shaders/WorldPosMat.mat
  artifactKey: Guid(9e3911d8b095c2a45a6ec69eae02ef44) Importer(815301076,1909f56bfc062723c751e8b465ee728b)
Start importing Assets/WaterSim/Scripts/Shaders/WorldPosMat.mat using Guid(9e3911d8b095c2a45a6ec69eae02ef44) Importer(815301076,1909f56bfc062723c751e8b465ee728b)  -> (artifact id: '6746c47c0edc72ecb89976a0f46709db') in 0.032983 seconds
  Import took 0.036514 seconds .

========================================================================
Received Import Request.
  Time since last request: 0.153099 seconds.
  path: Assets/WaterSim/Scripts/Shaders/TransparencyTest.shader
  artifactKey: Guid(eb9266e75e04bb240b6a42062d52d16d) Importer(815301076,1909f56bfc062723c751e8b465ee728b)
Start importing Assets/WaterSim/Scripts/Shaders/TransparencyTest.shader using Guid(eb9266e75e04bb240b6a42062d52d16d) Importer(815301076,1909f56bfc062723c751e8b465ee728b)  -> (artifact id: '929baa6af380cad59a3a57dd095581af') in 0.007098 seconds
  Import took 0.011300 seconds .

========================================================================
Received Import Request.
  Time since last request: 0.002802 seconds.
  path: Assets/WaterSim/Scripts/Shaders/TransparencyTest.shader
  artifactKey: Guid(eb9266e75e04bb240b6a42062d52d16d) Importer(815301076,1909f56bfc062723c751e8b465ee728b)
Start importing Assets/WaterSim/Scripts/Shaders/TransparencyTest.shader using Guid(eb9266e75e04bb240b6a42062d52d16d) Importer(815301076,1909f56bfc062723c751e8b465ee728b)  -> (artifact id: '929baa6af380cad59a3a57dd095581af') in 0.002403 seconds
  Import took 0.005595 seconds .

========================================================================
Received Import Request.
  Time since last request: 10.523882 seconds.
  path: Assets/WaterSim/Scripts/Shaders/Reference.shader
  artifactKey: Guid(3b7e684f6b39d414bbcb76b79a7a1ffd) Importer(815301076,1909f56bfc062723c751e8b465ee728b)
Start importing Assets/WaterSim/Scripts/Shaders/Reference.shader using Guid(3b7e684f6b39d414bbcb76b79a7a1ffd) Importer(815301076,1909f56bfc062723c751e8b465ee728b)  -> (artifact id: 'ba7b26c2a60930a0667f045aa0cc6017') in 0.007478 seconds
  Import took 0.011686 seconds .

========================================================================
Received Import Request.
  Time since last request: 0.846398 seconds.
  path: Assets/WaterSim/Scripts/Shaders/OceanShader.shader
  artifactKey: Guid(8845335da6576bb4698d669f34b32f5a) Importer(815301076,1909f56bfc062723c751e8b465ee728b)
Start importing Assets/WaterSim/Scripts/Shaders/OceanShader.shader using Guid(8845335da6576bb4698d669f34b32f5a) Importer(815301076,1909f56bfc062723c751e8b465ee728b)  -> (artifact id: '1004fccaeaf42456c15d26ccb1681a3a') in 0.006972 seconds
  Import took 0.010642 seconds .

========================================================================
Received Prepare
Registering precompiled user dll's ...
Registered in 0.001658 seconds.
Begin MonoManager ReloadAssembly
Native extension for WindowsStandalone target not found
Refreshing native plugins compatible for Editor in 0.48 ms, found 0 plugins.
Preloading 0 native plugins for Editor in 0.00 ms.
Invoked RoslynAnalysisRunner static constructor.
RoslynAnalysisRunner will not be running.
RoslynAnalysisRunner has terminated.
Mono: successfully reloaded assembly
- Completed reload, in  0.772 seconds
Platform modules already initialized, skipping
Refreshing native plugins compatible for Editor in 0.47 ms, found 0 plugins.
Preloading 0 native plugins for Editor in 0.00 ms.
Unloading 2215 Unused Serialized files (Serialized files now loaded: 0)
System memory in use before: 97.5 MB.
System memory in use after: 97.7 MB.

Unloading 6 unused Assets to reduce memory usage. Loaded Objects now: 2738.
Total: 7.280900 ms (FindLiveObjects: 2.080900 ms CreateObjectMapping: 0.248700 ms MarkObjects: 4.920000 ms  DeleteObjects: 0.029600 ms)

========================================================================
Received Prepare
Registering precompiled user dll's ...
Registered in 0.001484 seconds.
Begin MonoManager ReloadAssembly
Native extension for WindowsStandalone target not found
Refreshing native plugins compatible for Editor in 0.45 ms, found 0 plugins.
Preloading 0 native plugins for Editor in 0.00 ms.
Invoked RoslynAnalysisRunner static constructor.
RoslynAnalysisRunner will not be running.
RoslynAnalysisRunner has terminated.
Mono: successfully reloaded assembly
- Completed reload, in  0.725 seconds
Platform modules already initialized, skipping
Refreshing native plugins compatible for Editor in 0.47 ms, found 0 plugins.
Preloading 0 native plugins for Editor in 0.00 ms.
Unloading 2215 Unused Serialized files (Serialized files now loaded: 0)
System memory in use before: 97.5 MB.
System memory in use after: 97.7 MB.

Unloading 6 unused Assets to reduce memory usage. Loaded Objects now: 2741.
Total: 2.168300 ms (FindLiveObjects: 0.305300 ms CreateObjectMapping: 0.065900 ms MarkObjects: 1.781000 ms  DeleteObjects: 0.015000 ms)

