Using pre-set license
Built from '2020.3/release' branch; Version is '2020.3.1f1 (77a89f25062f) revision 7841951'; Using compiler version '192528614'; Build Type 'Release'
OS: 'Windows 10 Pro; OS build 19042.928; Version 2009; 64bit' Language: 'en' Physical Memory: 16318 MB
BatchMode: 1, IsHumanControllingUs: 0, StartBugReporterOnCrash: 0, Is64bit: 1, IsPro: 0

 COMMAND LINE ARGUMENTS:
C:\Program Files\Unity\Hub\Editor\2020.3.1f1\Editor\Unity.exe
-adb2
-batchMode
-noUpm
-name
AssetImportWorker0
-projectPath
D:/Programmering/Skoluppgifter/VattenProjekt/InriktningsProjekt/WaterSim2
-logFile
Logs/AssetImportWorker0.log
-srvPort
61217
Successfully changed project path to: D:/Programmering/Skoluppgifter/VattenProjekt/InriktningsProjekt/WaterSim2
D:/Programmering/Skoluppgifter/VattenProjekt/InriktningsProjekt/WaterSim2
Using Asset Import Pipeline V2.
Refreshing native plugins compatible for Editor in 28.16 ms, found 0 plugins.
Preloading 0 native plugins for Editor in 0.00 ms.
Initialize engine version: 2020.3.1f1 (77a89f25062f)
[Subsystems] Discovering subsystems at path C:/Program Files/Unity/Hub/Editor/2020.3.1f1/Editor/Data/Resources/UnitySubsystems
[Subsystems] Discovering subsystems at path D:/Programmering/Skoluppgifter/VattenProjekt/InriktningsProjekt/WaterSim2/Assets
GfxDevice: creating device client; threaded=0
Direct3D:
    Version:  Direct3D 11.0 [level 11.1]
    Renderer: NVIDIA GeForce GTX 970 (ID=0x13c2)
    Vendor:   
    VRAM:     4043 MB
    Driver:   27.21.14.6079
Initialize mono
Mono path[0] = 'C:/Program Files/Unity/Hub/Editor/2020.3.1f1/Editor/Data/Managed'
Mono path[1] = 'C:/Program Files/Unity/Hub/Editor/2020.3.1f1/Editor/Data/MonoBleedingEdge/lib/mono/unityjit'
Mono config path = 'C:/Program Files/Unity/Hub/Editor/2020.3.1f1/Editor/Data/MonoBleedingEdge/etc'
Using monoOptions --debugger-agent=transport=dt_socket,embedding=1,server=y,suspend=n,address=127.0.0.1:56096
Begin MonoManager ReloadAssembly
Registering precompiled unity dll's ...
Register platform support module: C:/Program Files/Unity/Hub/Editor/2020.3.1f1/Editor/Data/PlaybackEngines/WindowsStandaloneSupport/UnityEditor.WindowsStandalone.Extensions.dll
Registered in 0.001940 seconds.
Native extension for WindowsStandalone target not found
Refreshing native plugins compatible for Editor in 25.35 ms, found 0 plugins.
Preloading 0 native plugins for Editor in 0.00 ms.
Invoked RoslynAnalysisRunner static constructor.
RoslynAnalysisRunner will not be running.
RoslynAnalysisRunner has terminated.
Mono: successfully reloaded assembly
- Completed reload, in  1.230 seconds
Platform modules already initialized, skipping
Registering precompiled user dll's ...
Registered in 0.000532 seconds.
Begin MonoManager ReloadAssembly
Symbol file data-000002A1E2875C90 doesn't match image D:\Programmering\Skoluppgifter\VattenProjekt\InriktningsProjekt\WaterSim2\Library\ScriptAssemblies\Unity.VSCode.Editor.dll
Symbol file LoadedFromMemory is not a mono symbol file
Symbol file data-000002A1E27AEFE0 doesn't match image D:\Programmering\Skoluppgifter\VattenProjekt\InriktningsProjekt\WaterSim2\Library\ScriptAssemblies\Unity.TextMeshPro.Editor.dll
Symbol file LoadedFromMemory is not a mono symbol file
Symbol file data-000002A1E5DA6020 doesn't match image D:\Programmering\Skoluppgifter\VattenProjekt\InriktningsProjekt\WaterSim2\Library\ScriptAssemblies\Unity.VisualStudio.Editor.dll
Symbol file LoadedFromMemory is not a mono symbol file
Symbol file data-000002A1E26A7C20 doesn't match image D:\Programmering\Skoluppgifter\VattenProjekt\InriktningsProjekt\WaterSim2\Library\ScriptAssemblies\UnityEngine.TestRunner.dll
Symbol file LoadedFromMemory is not a mono symbol file
Symbol file data-000002A1E66D4020 doesn't match image D:\Programmering\Skoluppgifter\VattenProjekt\InriktningsProjekt\WaterSim2\Library\ScriptAssemblies\Unity.Timeline.Editor.dll
Symbol file LoadedFromMemory is not a mono symbol file
Symbol file data-000002A1E2B89230 doesn't match image D:\Programmering\Skoluppgifter\VattenProjekt\InriktningsProjekt\WaterSim2\Library\ScriptAssemblies\Unity.Timeline.dll
Symbol file LoadedFromMemory is not a mono symbol file
Symbol file data-000002A1E2585010 doesn't match image D:\Programmering\Skoluppgifter\VattenProjekt\InriktningsProjekt\WaterSim2\Library\ScriptAssemblies\Unity.TextMeshPro.dll
Symbol file LoadedFromMemory is not a mono symbol file
Symbol file data-000002A1E2B89230 doesn't match image D:\Programmering\Skoluppgifter\VattenProjekt\InriktningsProjekt\WaterSim2\Library\ScriptAssemblies\Unity.CollabProxy.Editor.dll
Symbol file LoadedFromMemory is not a mono symbol file
Symbol file data-000002A1E2475040 doesn't match image D:\Programmering\Skoluppgifter\VattenProjekt\InriktningsProjekt\WaterSim2\Library\ScriptAssemblies\UnityEditor.TestRunner.dll
Symbol file LoadedFromMemory is not a mono symbol file
Symbol file data-000002A1E6655E20 doesn't match image D:\Programmering\Skoluppgifter\VattenProjekt\InriktningsProjekt\WaterSim2\Library\ScriptAssemblies\Unity.Rider.Editor.dll
Symbol file LoadedFromMemory is not a mono symbol file
Native extension for WindowsStandalone target not found
Refreshing native plugins compatible for Editor in 0.27 ms, found 0 plugins.
Preloading 0 native plugins for Editor in 0.00 ms.
Invoked RoslynAnalysisRunner static constructor.
RoslynAnalysisRunner will not be running.
RoslynAnalysisRunner has terminated.
Mono: successfully reloaded assembly
- Completed reload, in  0.990 seconds
Platform modules already initialized, skipping
========================================================================
Worker process is ready to serve import requests
Launched and connected shader compiler UnityShaderCompiler.exe after 0.06 seconds
Refreshing native plugins compatible for Editor in 1.25 ms, found 0 plugins.
Preloading 0 native plugins for Editor in 0.00 ms.
Unloading 1127 Unused Serialized files (Serialized files now loaded: 0)
System memory in use before: 58.0 MB.
System memory in use after: 58.1 MB.

Unloading 9 unused Assets to reduce memory usage. Loaded Objects now: 1571.
Total: 1.854000 ms (FindLiveObjects: 0.159200 ms CreateObjectMapping: 0.044000 ms MarkObjects: 1.577500 ms  DeleteObjects: 0.071400 ms)

========================================================================
Received Import Request.
  path: Assets/AboveWater.mat
  artifactKey: Guid(604f1b51396138e4e800bdf7358830b1) Importer(815301076,1909f56bfc062723c751e8b465ee728b)
Start importing Assets/AboveWater.mat using Guid(604f1b51396138e4e800bdf7358830b1) Importer(815301076,1909f56bfc062723c751e8b465ee728b)  -> (artifact id: '82e37a1c680c8260710a93e9182e3edc') in 0.261251 seconds
  Import took 0.263858 seconds .

========================================================================
Received Import Request.
  Time since last request: 0.000178 seconds.
  path: Assets/BelowWater.mat
  artifactKey: Guid(a57e9042d66df4143908ad2e707823e6) Importer(815301076,1909f56bfc062723c751e8b465ee728b)
Start importing Assets/BelowWater.mat using Guid(a57e9042d66df4143908ad2e707823e6) Importer(815301076,1909f56bfc062723c751e8b465ee728b)  -> (artifact id: 'd0918a34b3856ce6c0b4795fc8da22b4') in 0.022843 seconds
  Import took 0.025074 seconds .

========================================================================
Received Import Request.
  Time since last request: 0.000116 seconds.
  path: Assets/ShipMat.mat
  artifactKey: Guid(813c62b27fb089a42a31e120c20bd515) Importer(815301076,1909f56bfc062723c751e8b465ee728b)
Start importing Assets/ShipMat.mat using Guid(813c62b27fb089a42a31e120c20bd515) Importer(815301076,1909f56bfc062723c751e8b465ee728b)  -> (artifact id: 'cc5270fd1e5fd239b945caae6a758917') in 0.101422 seconds
  Import took 0.103779 seconds .

========================================================================
Received Import Request.
  Time since last request: 0.000172 seconds.
  path: Assets/BelowWater.mat
  artifactKey: Guid(a57e9042d66df4143908ad2e707823e6) Importer(815301076,1909f56bfc062723c751e8b465ee728b)
Start importing Assets/BelowWater.mat using Guid(a57e9042d66df4143908ad2e707823e6) Importer(815301076,1909f56bfc062723c751e8b465ee728b)  -> (artifact id: 'd0918a34b3856ce6c0b4795fc8da22b4') in 0.018385 seconds
  Import took 0.022215 seconds .

========================================================================
Received Import Request.
  Time since last request: 0.000185 seconds.
  path: Assets/Sand.mat
  artifactKey: Guid(157887734977a2c46a827bea46a76acc) Importer(815301076,1909f56bfc062723c751e8b465ee728b)
Start importing Assets/Sand.mat using Guid(157887734977a2c46a827bea46a76acc) Importer(815301076,1909f56bfc062723c751e8b465ee728b)  -> (artifact id: '3cf432a0d6a98606151d65ae0075c65a') in 0.058640 seconds
  Import took 0.060765 seconds .

========================================================================
Received Prepare
Registering precompiled user dll's ...
Registered in 0.001080 seconds.
Begin MonoManager ReloadAssembly
Symbol file data-000002A1F89D0FA0 doesn't match image D:\Programmering\Skoluppgifter\VattenProjekt\InriktningsProjekt\WaterSim2\Library\ScriptAssemblies\Unity.VSCode.Editor.dll
Symbol file LoadedFromMemory is not a mono symbol file
Symbol file data-000002A1E6B40010 doesn't match image D:\Programmering\Skoluppgifter\VattenProjekt\InriktningsProjekt\WaterSim2\Library\ScriptAssemblies\Unity.TextMeshPro.Editor.dll
Symbol file LoadedFromMemory is not a mono symbol file
Symbol file data-000002A1E5EA8220 doesn't match image D:\Programmering\Skoluppgifter\VattenProjekt\InriktningsProjekt\WaterSim2\Library\ScriptAssemblies\Unity.VisualStudio.Editor.dll
Symbol file LoadedFromMemory is not a mono symbol file
Symbol file data-000002A1E5EA8220 doesn't match image D:\Programmering\Skoluppgifter\VattenProjekt\InriktningsProjekt\WaterSim2\Library\ScriptAssemblies\UnityEngine.TestRunner.dll
Symbol file LoadedFromMemory is not a mono symbol file
Symbol file data-000002A1E66D4020 doesn't match image D:\Programmering\Skoluppgifter\VattenProjekt\InriktningsProjekt\WaterSim2\Library\ScriptAssemblies\Unity.Timeline.Editor.dll
Symbol file LoadedFromMemory is not a mono symbol file
Symbol file data-000002A1E24B9020 doesn't match image D:\Programmering\Skoluppgifter\VattenProjekt\InriktningsProjekt\WaterSim2\Library\ScriptAssemblies\Unity.Timeline.dll
Symbol file LoadedFromMemory is not a mono symbol file
Symbol file data-000002A1E28DAF40 doesn't match image D:\Programmering\Skoluppgifter\VattenProjekt\InriktningsProjekt\WaterSim2\Library\ScriptAssemblies\Unity.TextMeshPro.dll
Symbol file LoadedFromMemory is not a mono symbol file
Symbol file data-000002A1E5EA8220 doesn't match image D:\Programmering\Skoluppgifter\VattenProjekt\InriktningsProjekt\WaterSim2\Library\ScriptAssemblies\Unity.CollabProxy.Editor.dll
Symbol file LoadedFromMemory is not a mono symbol file
Symbol file data-000002A1E2BEB220 doesn't match image D:\Programmering\Skoluppgifter\VattenProjekt\InriktningsProjekt\WaterSim2\Library\ScriptAssemblies\UnityEditor.TestRunner.dll
Symbol file LoadedFromMemory is not a mono symbol file
Symbol file data-000002A1E6655E20 doesn't match image D:\Programmering\Skoluppgifter\VattenProjekt\InriktningsProjekt\WaterSim2\Library\ScriptAssemblies\Unity.Rider.Editor.dll
Symbol file LoadedFromMemory is not a mono symbol file
Native extension for WindowsStandalone target not found
Refreshing native plugins compatible for Editor in 0.25 ms, found 0 plugins.
Preloading 0 native plugins for Editor in 0.00 ms.
Invoked RoslynAnalysisRunner static constructor.
RoslynAnalysisRunner will not be running.
RoslynAnalysisRunner has terminated.
Mono: successfully reloaded assembly
- Completed reload, in  1.066 seconds
Platform modules already initialized, skipping
Refreshing native plugins compatible for Editor in 0.25 ms, found 0 plugins.
Preloading 0 native plugins for Editor in 0.00 ms.
Unloading 1120 Unused Serialized files (Serialized files now loaded: 0)
System memory in use before: 61.1 MB.
System memory in use after: 61.2 MB.

Unloading 4 unused Assets to reduce memory usage. Loaded Objects now: 1614.
Total: 3.384600 ms (FindLiveObjects: 0.208300 ms CreateObjectMapping: 0.088900 ms MarkObjects: 3.059100 ms  DeleteObjects: 0.026100 ms)

AssetImportWorkerClient::OnTransportError - code=2 error=End of file
